{
  "stats": {
    "suites": 1,
    "tests": 7,
    "passes": 7,
    "pending": 0,
    "failures": 0,
    "start": "2025-07-10T10:46:46.533Z",
    "end": "2025-07-10T10:46:47.467Z",
    "duration": 934,
    "testsRegistered": 7,
    "passPercent": 100,
    "pendingPercent": 0,
    "other": 0,
    "hasOther": false,
    "skipped": 0,
    "hasSkipped": false
  },
  "results": [
    {
      "uuid": "5361ff43-bc34-425f-9f5d-ac876fea3fc6",
      "title": "",
      "fullFile": "cypress/e2e/api/quote.cy.ts",
      "file": "cypress/e2e/api/quote.cy.ts",
      "beforeHooks": [],
      "afterHooks": [],
      "tests": [],
      "suites": [
        {
          "uuid": "8154bc09-f7d8-4f0d-a644-22bb221e024d",
          "title": "MagpieFi API - Quote Endpoint Tests",
          "fullFile": "",
          "file": "",
          "beforeHooks": [],
          "afterHooks": [],
          "tests": [
            {
              "title": "should handle quote request with missing parameters",
              "fullTitle": "MagpieFi API - Quote Endpoint Tests should handle quote request with missing parameters",
              "timedOut": null,
              "duration": 137,
              "state": "passed",
              "speed": "fast",
              "pass": true,
              "fail": false,
              "pending": false,
              "context": null,
              "code": "cy.apiRequest('GET', '/aggregator/quote')\n    .then((response) => {\n    expect(response.status).to.be.oneOf([400, 422]);\n    expect(response.body).to.have.property('message');\n    cy.log(`Missing params response: ${response.body.message}`);\n});",
              "err": {},
              "uuid": "05f63421-d57d-42de-8236-111439908bf1",
              "parentUUID": "8154bc09-f7d8-4f0d-a644-22bb221e024d",
              "isHook": false,
              "skipped": false
            },
            {
              "title": "should handle quote request with invalid network",
              "fullTitle": "MagpieFi API - Quote Endpoint Tests should handle quote request with invalid network",
              "timedOut": null,
              "duration": 113,
              "state": "passed",
              "speed": "fast",
              "pass": true,
              "fail": false,
              "pending": false,
              "context": null,
              "code": "const params = new URLSearchParams({\n    network: 'invalid-network',\n    fromTokenAddress: validQuoteParams.fromTokenAddress,\n    toTokenAddress: validQuoteParams.toTokenAddress,\n    sellAmount: validQuoteParams.sellAmount,\n    slippage: validQuoteParams.slippage.toString(),\n    gasless: validQuoteParams.gasless.toString()\n}).toString();\ncy.apiRequest('GET', `/aggregator/quote?${params}`)\n    .then((response) => {\n    expect(response.status).to.be.oneOf([400, 422, 500]);\n    expect(response.body).to.have.property('message');\n    cy.log(`Invalid network response: ${response.body.message}`);\n});",
              "err": {},
              "uuid": "2365c576-7cef-4143-a6e1-dd3e73e28879",
              "parentUUID": "8154bc09-f7d8-4f0d-a644-22bb221e024d",
              "isHook": false,
              "skipped": false
            },
            {
              "title": "should handle quote request with invalid token addresses",
              "fullTitle": "MagpieFi API - Quote Endpoint Tests should handle quote request with invalid token addresses",
              "timedOut": null,
              "duration": 121,
              "state": "passed",
              "speed": "fast",
              "pass": true,
              "fail": false,
              "pending": false,
              "context": null,
              "code": "const params = new URLSearchParams({\n    network: validQuoteParams.network,\n    fromTokenAddress: 'invalid-address',\n    toTokenAddress: 'invalid-address',\n    sellAmount: validQuoteParams.sellAmount,\n    slippage: validQuoteParams.slippage.toString(),\n    gasless: validQuoteParams.gasless.toString()\n}).toString();\ncy.apiRequest('GET', `/aggregator/quote?${params}`)\n    .then((response) => {\n    expect(response.status).to.be.oneOf([400, 422, 500]);\n    expect(response.body).to.have.property('message');\n    cy.log(`Invalid addresses response: ${response.body.message}`);\n});",
              "err": {},
              "uuid": "3aa83245-28b1-4b95-921f-6ce98682ec05",
              "parentUUID": "8154bc09-f7d8-4f0d-a644-22bb221e024d",
              "isHook": false,
              "skipped": false
            },
            {
              "title": "should handle quote request with invalid sell amount",
              "fullTitle": "MagpieFi API - Quote Endpoint Tests should handle quote request with invalid sell amount",
              "timedOut": null,
              "duration": 112,
              "state": "passed",
              "speed": "fast",
              "pass": true,
              "fail": false,
              "pending": false,
              "context": null,
              "code": "const params = new URLSearchParams({\n    network: validQuoteParams.network,\n    fromTokenAddress: validQuoteParams.fromTokenAddress,\n    toTokenAddress: validQuoteParams.toTokenAddress,\n    sellAmount: 'invalid-amount',\n    slippage: validQuoteParams.slippage.toString(),\n    gasless: validQuoteParams.gasless.toString()\n}).toString();\ncy.apiRequest('GET', `/aggregator/quote?${params}`)\n    .then((response) => {\n    expect(response.status).to.be.oneOf([400, 422]);\n    expect(response.body).to.have.property('message');\n    cy.log(`Invalid amount response: ${response.body.message}`);\n});",
              "err": {},
              "uuid": "8fc5671a-4176-47f8-849f-d41df7e1479c",
              "parentUUID": "8154bc09-f7d8-4f0d-a644-22bb221e024d",
              "isHook": false,
              "skipped": false
            },
            {
              "title": "should handle quote request with invalid slippage",
              "fullTitle": "MagpieFi API - Quote Endpoint Tests should handle quote request with invalid slippage",
              "timedOut": null,
              "duration": 111,
              "state": "passed",
              "speed": "fast",
              "pass": true,
              "fail": false,
              "pending": false,
              "context": null,
              "code": "const params = new URLSearchParams({\n    network: validQuoteParams.network,\n    fromTokenAddress: validQuoteParams.fromTokenAddress,\n    toTokenAddress: validQuoteParams.toTokenAddress,\n    sellAmount: validQuoteParams.sellAmount,\n    slippage: '2', // Invalid slippage > 1\n    gasless: validQuoteParams.gasless.toString()\n}).toString();\ncy.apiRequest('GET', `/aggregator/quote?${params}`)\n    .then((response) => {\n    expect(response.status).to.be.oneOf([400, 422]);\n    expect(response.body).to.have.property('message');\n    cy.log(`Invalid slippage response: ${response.body.message}`);\n});",
              "err": {},
              "uuid": "ac5d3fac-94db-404c-bf21-6b4e4a8c649f",
              "parentUUID": "8154bc09-f7d8-4f0d-a644-22bb221e024d",
              "isHook": false,
              "skipped": false
            },
            {
              "title": "should validate quote endpoint response structure",
              "fullTitle": "MagpieFi API - Quote Endpoint Tests should validate quote endpoint response structure",
              "timedOut": null,
              "duration": 115,
              "state": "passed",
              "speed": "fast",
              "pass": true,
              "fail": false,
              "pending": false,
              "context": null,
              "code": "// Test with known token addresses that might exist\nconst params = new URLSearchParams({\n    network: 'ethereum',\n    fromTokenAddress: '0x0000000000000000000000000000000000000000', // ETH\n    toTokenAddress: '0xA0b86a33E6441d2e8f4F0F2f2d8f0F2f2d8f0F2f', // Sample token\n    sellAmount: '1000000000000000000',\n    slippage: '0.01',\n    gasless: 'false'\n}).toString();\ncy.apiRequest('GET', `/aggregator/quote?${params}`)\n    .then((response) => {\n    // Log the response for debugging\n    cy.log(`Quote response status: ${response.status}`);\n    cy.log(`Quote response body: ${JSON.stringify(response.body)}`);\n    // The response should have a proper structure regardless of success/failure\n    expect(response.body).to.have.property('message');\n    // If it's a successful quote (status 200), validate the structure\n    if (response.status === 200) {\n        expect(response.body).to.have.property('quote');\n        expect(response.body.quote).to.have.property('sellAmount');\n        expect(response.body.quote).to.have.property('buyAmount');\n    }\n});",
              "err": {},
              "uuid": "dfe9c960-76d3-4636-b71a-6d6f9461b1d5",
              "parentUUID": "8154bc09-f7d8-4f0d-a644-22bb221e024d",
              "isHook": false,
              "skipped": false
            },
            {
              "title": "should test performance of quote endpoint",
              "fullTitle": "MagpieFi API - Quote Endpoint Tests should test performance of quote endpoint",
              "timedOut": null,
              "duration": 132,
              "state": "passed",
              "speed": "fast",
              "pass": true,
              "fail": false,
              "pending": false,
              "context": null,
              "code": "const startTime = Date.now();\nconst params = new URLSearchParams({\n    network: 'ethereum',\n    fromTokenAddress: '0x0000000000000000000000000000000000000000',\n    toTokenAddress: '0xA0b86a33E6441d2e8f4F0F2f2d8f0F2f2d8f0F2f',\n    sellAmount: '1000000000000000000',\n    slippage: '0.01',\n    gasless: 'false'\n}).toString();\ncy.apiRequest('GET', `/aggregator/quote?${params}`)\n    .then((response) => {\n    const responseTime = Date.now() - startTime;\n    cy.log(`Quote endpoint response time: ${responseTime}ms`);\n    // Quote endpoint should respond within 10 seconds\n    expect(responseTime).to.be.lessThan(10000);\n    // Should return some response (even if error)\n    expect(response.body).to.have.property('message');\n});",
              "err": {},
              "uuid": "ca2824d6-9a99-4cbf-adb5-2e5812b11c35",
              "parentUUID": "8154bc09-f7d8-4f0d-a644-22bb221e024d",
              "isHook": false,
              "skipped": false
            }
          ],
          "suites": [],
          "passes": [
            "05f63421-d57d-42de-8236-111439908bf1",
            "2365c576-7cef-4143-a6e1-dd3e73e28879",
            "3aa83245-28b1-4b95-921f-6ce98682ec05",
            "8fc5671a-4176-47f8-849f-d41df7e1479c",
            "ac5d3fac-94db-404c-bf21-6b4e4a8c649f",
            "dfe9c960-76d3-4636-b71a-6d6f9461b1d5",
            "ca2824d6-9a99-4cbf-adb5-2e5812b11c35"
          ],
          "failures": [],
          "pending": [],
          "skipped": [],
          "duration": 841,
          "root": false,
          "rootEmpty": false,
          "_timeout": 2000
        }
      ],
      "passes": [],
      "failures": [],
      "pending": [],
      "skipped": [],
      "duration": 0,
      "root": true,
      "rootEmpty": true,
      "_timeout": 2000
    }
  ],
  "meta": {
    "mocha": {
      "version": "7.0.1"
    },
    "mochawesome": {
      "options": {
        "quiet": false,
        "reportFilename": "mochawesome",
        "saveHtml": true,
        "saveJson": true,
        "consoleReporter": "spec",
        "useInlineDiffs": false,
        "code": true
      },
      "version": "7.1.3"
    },
    "marge": {
      "options": {
        "reportDir": "cypress/reports",
        "overwrite": false,
        "html": true,
        "json": true,
        "timestamp": "mmddyyyy_HHMMss"
      },
      "version": "6.2.0"
    }
  }
}