{
  "stats": {
    "suites": 1,
    "tests": 5,
    "passes": 3,
    "pending": 0,
    "failures": 2,
    "start": "2025-07-10T10:37:17.564Z",
    "end": "2025-07-10T10:37:20.063Z",
    "duration": 2499,
    "testsRegistered": 5,
    "passPercent": 60,
    "pendingPercent": 0,
    "other": 0,
    "hasOther": false,
    "skipped": 0,
    "hasSkipped": false
  },
  "results": [
    {
      "uuid": "1694f135-0518-4e6b-b01a-09bd8bcfaa20",
      "title": "",
      "fullFile": "cypress/e2e/smoke/health-check.cy.ts",
      "file": "cypress/e2e/smoke/health-check.cy.ts",
      "beforeHooks": [],
      "afterHooks": [],
      "tests": [],
      "suites": [
        {
          "uuid": "12b835e9-ec28-4d78-93c8-25157f848c7b",
          "title": "API Health Check - Smoke Tests",
          "fullFile": "",
          "file": "",
          "beforeHooks": [],
          "afterHooks": [],
          "tests": [
            {
              "title": "should verify API is accessible",
              "fullTitle": "API Health Check - Smoke Tests should verify API is accessible",
              "timedOut": null,
              "duration": 268,
              "state": "failed",
              "speed": null,
              "pass": false,
              "fail": true,
              "pending": false,
              "context": null,
              "code": "cy.apiRequest('GET', '/health')\n    .then((response) => {\n    expect(response.status).to.equal(200);\n    expect(response.body).to.have.property('status');\n    expect(response.body.status).to.equal('ok');\n});",
              "err": {
                "message": "AssertionError: expected 404 to equal 200",
                "estack": "AssertionError: expected 404 to equal 200\n    at Context.eval (webpack://magpiefi-api-tests/./cypress/e2e/smoke/health-check.cy.ts:5:35)",
                "diff": "- 404\n+ 200\n"
              },
              "uuid": "370dfc97-e38c-499b-bb8c-0e3524473cdb",
              "parentUUID": "12b835e9-ec28-4d78-93c8-25157f848c7b",
              "isHook": false,
              "skipped": false
            },
            {
              "title": "should verify API returns proper headers",
              "fullTitle": "API Health Check - Smoke Tests should verify API returns proper headers",
              "timedOut": null,
              "duration": 115,
              "state": "passed",
              "speed": "fast",
              "pass": true,
              "fail": false,
              "pending": false,
              "context": null,
              "code": "cy.apiRequest('GET', '/health')\n    .then((response) => {\n    expect(response.headers).to.have.property('content-type');\n    expect(response.headers['content-type']).to.include('application/json');\n});",
              "err": {},
              "uuid": "769645c9-a562-4a73-9332-57ecf958f0ef",
              "parentUUID": "12b835e9-ec28-4d78-93c8-25157f848c7b",
              "isHook": false,
              "skipped": false
            },
            {
              "title": "should verify API response time is acceptable",
              "fullTitle": "API Health Check - Smoke Tests should verify API response time is acceptable",
              "timedOut": null,
              "duration": 297,
              "state": "failed",
              "speed": null,
              "pass": false,
              "fail": true,
              "pending": false,
              "context": null,
              "code": "const startTime = Date.now();\ncy.apiRequest('GET', '/health')\n    .then((response) => {\n    const responseTime = Date.now() - startTime;\n    expect(response.status).to.equal(200);\n    expect(responseTime).to.be.lessThan(5000); // 5 seconds max\n    cy.log(`Response time: ${responseTime}ms`);\n});",
              "err": {
                "message": "AssertionError: expected 404 to equal 200",
                "estack": "AssertionError: expected 404 to equal 200\n    at Context.eval (webpack://magpiefi-api-tests/./cypress/e2e/smoke/health-check.cy.ts:25:35)",
                "diff": "- 404\n+ 200\n"
              },
              "uuid": "b25e4e2b-88ff-45be-bee6-cecc7ef21df7",
              "parentUUID": "12b835e9-ec28-4d78-93c8-25157f848c7b",
              "isHook": false,
              "skipped": false
            },
            {
              "title": "should handle invalid endpoints gracefully",
              "fullTitle": "API Health Check - Smoke Tests should handle invalid endpoints gracefully",
              "timedOut": null,
              "duration": 99,
              "state": "passed",
              "speed": "fast",
              "pass": true,
              "fail": false,
              "pending": false,
              "context": null,
              "code": "cy.apiRequest('GET', '/invalid-endpoint')\n    .then((response) => {\n    expect(response.status).to.equal(404);\n    expect(response.body).to.have.property('message');\n});",
              "err": {},
              "uuid": "a63c4ddb-01bb-4d52-9720-d2c14bd7a39d",
              "parentUUID": "12b835e9-ec28-4d78-93c8-25157f848c7b",
              "isHook": false,
              "skipped": false
            },
            {
              "title": "should return API version information",
              "fullTitle": "API Health Check - Smoke Tests should return API version information",
              "timedOut": null,
              "duration": 117,
              "state": "passed",
              "speed": "fast",
              "pass": true,
              "fail": false,
              "pending": false,
              "context": null,
              "code": "cy.apiRequest('GET', '/version')\n    .then((response) => {\n    if (response.status === 200) {\n        expect(response.body).to.have.property('version');\n        expect(response.body.version).to.be.a('string');\n        cy.log(`API Version: ${response.body.version}`);\n    }\n    else {\n        cy.log('Version endpoint not available');\n    }\n});",
              "err": {},
              "uuid": "1fe6670b-fd99-4aa8-99db-21e4bb2c1ff2",
              "parentUUID": "12b835e9-ec28-4d78-93c8-25157f848c7b",
              "isHook": false,
              "skipped": false
            }
          ],
          "suites": [],
          "passes": [
            "769645c9-a562-4a73-9332-57ecf958f0ef",
            "a63c4ddb-01bb-4d52-9720-d2c14bd7a39d",
            "1fe6670b-fd99-4aa8-99db-21e4bb2c1ff2"
          ],
          "failures": [
            "370dfc97-e38c-499b-bb8c-0e3524473cdb",
            "b25e4e2b-88ff-45be-bee6-cecc7ef21df7"
          ],
          "pending": [],
          "skipped": [],
          "duration": 896,
          "root": false,
          "rootEmpty": false,
          "_timeout": 2000
        }
      ],
      "passes": [],
      "failures": [],
      "pending": [],
      "skipped": [],
      "duration": 0,
      "root": true,
      "rootEmpty": true,
      "_timeout": 2000
    }
  ],
  "meta": {
    "mocha": {
      "version": "7.0.1"
    },
    "mochawesome": {
      "options": {
        "quiet": false,
        "reportFilename": "mochawesome",
        "saveHtml": true,
        "saveJson": true,
        "consoleReporter": "spec",
        "useInlineDiffs": false,
        "code": true
      },
      "version": "7.1.3"
    },
    "marge": {
      "options": {
        "reportDir": "cypress/reports",
        "overwrite": false,
        "html": true,
        "json": true,
        "timestamp": "mmddyyyy_HHMMss"
      },
      "version": "6.2.0"
    }
  }
}